<?xml version="1.0" encoding="UTF-8"?>
<!-- Generated by org.testng.reporters.JUnitReportReporter -->
<testsuite hostname="LAPTOP-6FSFGS2B" failures="0" tests="3" name="karthicka.Aseleniumframework.standalonetest" time="43.650" errors="0" timestamp="2023-08-07T22:02:18 GMT-04:00" skipped="0">
  <testcase classname="karthicka.Aseleniumframework.standalonetest" name="maintest" time="21.630"/>
  <testcase classname="karthicka.Aseleniumframework.standalonetest" name="maintest" time="17.252"/>
  <testcase classname="karthicka.Aseleniumframework.standalonetest" name="orderhistory" time="4.768"/>
</testsuite> <!-- karthicka.Aseleniumframework.standalonetest -->
