<?xml version="1.0" encoding="UTF-8"?>
<!-- Generated by org.testng.reporters.JUnitReportReporter -->
<testsuite hostname="LAPTOP-6FSFGS2B" failures="0" tests="2" name="karthicka.Aseleniumframework.ErrorvalidationTest" time="37.637" errors="0" timestamp="2023-08-07T22:02:18 GMT-04:00" skipped="0">
  <testcase classname="karthicka.Aseleniumframework.ErrorvalidationTest" name="incorrectlogin" time="7.546"/>
  <testcase classname="karthicka.Aseleniumframework.ErrorvalidationTest" name="productmismatch" time="30.091"/>
</testsuite> <!-- karthicka.Aseleniumframework.ErrorvalidationTest -->
